[debug] [2024-04-13T03:06:00.327Z] ----------------------------------------------------------------------
[debug] [2024-04-13T03:06:00.329Z] Command:       /opt/homebrew/Cellar/node/21.6.2/bin/node /opt/homebrew/bin/firebase deploy
[debug] [2024-04-13T03:06:00.329Z] CLI Version:   13.7.2
[debug] [2024-04-13T03:06:00.329Z] Platform:      darwin
[debug] [2024-04-13T03:06:00.329Z] Node Version:  v21.6.2
[debug] [2024-04-13T03:06:00.329Z] Time:          Fri Apr 12 2024 23:06:00 GMT-0400 (Eastern Daylight Time)
[debug] [2024-04-13T03:06:00.330Z] ----------------------------------------------------------------------
[debug] 
[debug] [2024-04-13T03:06:00.364Z] > command requires scopes: ["email","openid","https://www.googleapis.com/auth/cloudplatformprojects.readonly","https://www.googleapis.com/auth/firebase","https://www.googleapis.com/auth/cloud-platform"]
[debug] [2024-04-13T03:06:00.365Z] > authorizing via signed-in user (taekbeen93@gmail.com)
[debug] [2024-04-13T03:06:00.365Z] [iam] checking project nomadhair-79e6c for permissions ["firebase.projects.get","firebasehosting.sites.update"]
[debug] [2024-04-13T03:06:00.365Z] > refreshing access token with scopes: []
[debug] [2024-04-13T03:06:00.366Z] >>> [apiv2][query] POST https://www.googleapis.com/oauth2/v3/token [none]
[debug] [2024-04-13T03:06:00.366Z] >>> [apiv2][body] POST https://www.googleapis.com/oauth2/v3/token [omitted]
[debug] [2024-04-13T03:06:01.898Z] <<< [apiv2][status] POST https://www.googleapis.com/oauth2/v3/token 200
[debug] [2024-04-13T03:06:01.899Z] <<< [apiv2][body] POST https://www.googleapis.com/oauth2/v3/token [omitted]
[debug] [2024-04-13T03:06:01.908Z] >>> [apiv2][query] POST https://cloudresourcemanager.googleapis.com/v1/projects/nomadhair-79e6c:testIamPermissions [none]
[debug] [2024-04-13T03:06:01.908Z] >>> [apiv2][(partial)header] POST https://cloudresourcemanager.googleapis.com/v1/projects/nomadhair-79e6c:testIamPermissions x-goog-quota-user=projects/nomadhair-79e6c
[debug] [2024-04-13T03:06:01.908Z] >>> [apiv2][body] POST https://cloudresourcemanager.googleapis.com/v1/projects/nomadhair-79e6c:testIamPermissions {"permissions":["firebase.projects.get","firebasehosting.sites.update"]}
[debug] [2024-04-13T03:06:03.677Z] <<< [apiv2][status] POST https://cloudresourcemanager.googleapis.com/v1/projects/nomadhair-79e6c:testIamPermissions 200
[debug] [2024-04-13T03:06:03.678Z] <<< [apiv2][body] POST https://cloudresourcemanager.googleapis.com/v1/projects/nomadhair-79e6c:testIamPermissions {"permissions":["firebase.projects.get","firebasehosting.sites.update"]}
[debug] [2024-04-13T03:06:03.679Z] >>> [apiv2][query] GET https://firebase.googleapis.com/v1beta1/projects/nomadhair-79e6c [none]
[debug] [2024-04-13T03:06:04.948Z] <<< [apiv2][status] GET https://firebase.googleapis.com/v1beta1/projects/nomadhair-79e6c 200
[debug] [2024-04-13T03:06:04.948Z] <<< [apiv2][body] GET https://firebase.googleapis.com/v1beta1/projects/nomadhair-79e6c {"projectId":"nomadhair-79e6c","projectNumber":"762670935291","displayName":"nomadHair","name":"projects/nomadhair-79e6c","resources":{"hostingSite":"nomadhair-79e6c","realtimeDatabaseInstance":"nomadhair-79e6c-default-rtdb","storageBucket":"nomadhair-79e6c.appspot.com","locationId":"us-central"},"state":"ACTIVE","etag":"1_cc67a70e-6ef0-4541-a5f5-5261e1e1c804"}
[debug] [2024-04-13T03:06:06.565Z] defaultcredentials: writing to file /Users/tnam/.config/firebase/taekbeen93_gmail_com_application_default_credentials.json
[debug] [2024-04-13T03:06:06.566Z] >>> [apiv2][query] GET https://firebasehosting.googleapis.com/v1beta1/projects/nomadhair-79e6c/sites pageToken=&pageSize=10
[debug] [2024-04-13T03:06:08.009Z] <<< [apiv2][status] GET https://firebasehosting.googleapis.com/v1beta1/projects/nomadhair-79e6c/sites 200
[debug] [2024-04-13T03:06:08.010Z] <<< [apiv2][body] GET https://firebasehosting.googleapis.com/v1beta1/projects/nomadhair-79e6c/sites {"sites":[{"name":"projects/nomadhair-79e6c/sites/nomadhair-79e6c","defaultUrl":"https://nomadhair-79e6c.web.app","appId":"1:762670935291:web:aa8c8eca1d606c2aa6145e","type":"DEFAULT_SITE"},{"name":"projects/nomadhair-79e6c/sites/nomadhair-dev","defaultUrl":"https://nomadhair-dev.web.app","type":"USER_SITE"}]}
[debug] [2024-04-13T03:06:08.010Z] >>> [apiv2][query] GET https://firebase.googleapis.com/v1beta1/projects/-/webApps/1:762670935291:web:aa8c8eca1d606c2aa6145e/config [none]
[debug] [2024-04-13T03:06:08.386Z] <<< [apiv2][status] GET https://firebase.googleapis.com/v1beta1/projects/-/webApps/1:762670935291:web:aa8c8eca1d606c2aa6145e/config 200
[debug] [2024-04-13T03:06:08.386Z] <<< [apiv2][body] GET https://firebase.googleapis.com/v1beta1/projects/-/webApps/1:762670935291:web:aa8c8eca1d606c2aa6145e/config {"projectId":"nomadhair-79e6c","appId":"1:762670935291:web:aa8c8eca1d606c2aa6145e","databaseURL":"https://nomadhair-79e6c-default-rtdb.firebaseio.com","storageBucket":"nomadhair-79e6c.appspot.com","locationId":"us-central","apiKey":"AIzaSyAv9b04OemLSnHVn0YpRh5e4bIV57Q1KEE","authDomain":"nomadhair-79e6c.firebaseapp.com","messagingSenderId":"762670935291","measurementId":"G-VKCJFH7TH6"}
[info] 
   Thank you for trying our early preview of Next.js support on Firebase Hosting.
   During the preview, support is best-effort and breaking changes can be expected. Proceed with caution.
   The integration is known to work with Next.js version 12 - 14.0. You may encounter errors.

   Documentation: https://firebase.google.com/docs/hosting/frameworks/nextjs
   File a bug: https://github.com/firebase/firebase-tools/issues/new?template=bug_report.md
   Submit a feature request: https://github.com/firebase/firebase-tools/issues/new?template=feature_request.md

   We'd love to learn from you. Express your interest in helping us shape the future of Firebase Hosting: https://goo.gle/41enW5X

[debug] [2024-04-13T03:06:12.012Z] >>> [apiv2][query] GET https://firebasehosting.googleapis.com/v1beta1/projects/nomadhair-79e6c/sites/nomadhair-79e6c [none]
[debug] [2024-04-13T03:06:12.150Z] <<< [apiv2][status] GET https://firebasehosting.googleapis.com/v1beta1/projects/nomadhair-79e6c/sites/nomadhair-79e6c 200
[debug] [2024-04-13T03:06:12.150Z] <<< [apiv2][body] GET https://firebasehosting.googleapis.com/v1beta1/projects/nomadhair-79e6c/sites/nomadhair-79e6c {"name":"projects/nomadhair-79e6c/sites/nomadhair-79e6c","defaultUrl":"https://nomadhair-79e6c.web.app","appId":"1:762670935291:web:aa8c8eca1d606c2aa6145e","type":"DEFAULT_SITE"}
[info]    ▲ Next.js 14.1.0

[info]    - Environments: .env


[info]    Creating an optimized production build ...

[info]  ✓ Compiled successfully

[info]    Linting and checking validity of types ...

[info] Failed to compile.


[info] ./app/(protected)/my-appointments/components/appointmentList/appointmentList.tsx:52:11
Type error: Type '{ image: Element; title: string; buttonText: string; onButtonClick: () => Promise<any>; }' is not assignable to type 'IntrinsicAttributes & FallbackProps'.
  Property 'onButtonClick' does not exist on type 'IntrinsicAttributes & FallbackProps'.

  50 |           title="Oops! Something went wrong."
  51 |           buttonText="Try Again"
> 52 |           onButtonClick={() => mutate("/my-appointments/api")}
     |           ^
  53 |         />
  54 |       </section>
  55 |     );

[debug] [2024-04-13T03:06:20.877Z] Error: ENOENT: no such file or directory, open '/Users/tnam/Documents/Projects/nomadhair/.next/export-marker.json'
[error] 
[error] Error: An unexpected error has occurred.
